#
# A fatal error has been detected by the Java Runtime Environment:
#
#  Internal Error (t:/workspace/open/src/hotspot/share/oops/generateOopMap.cpp:2164), pid=1232, tid=2812
#  fatal error: Illegal class file encountered. Try running with -Xverify:all in method checkRedColorProjectName
#
# JRE version: Java(TM) SE Runtime Environment (11.0+28) (build 11+28)
# Java VM: Java HotSpot(TM) 64-Bit Server VM (11+28, mixed mode, tiered, compressed oops, g1 gc, windows-amd64)
# No core dump will be written. Minidumps are not enabled by default on client versions of Windows
#
# If you would like to submit a bug report, please visit:
#   http://bugreport.java.com/bugreport/crash.jsp
#

---------------  S U M M A R Y ------------

Command Line: -agentlib:jdwp=transport=dt_socket,address=127.0.0.1:58601,suspend=y,server=n -ea -Didea.test.cyclic.buffer.size=1048576 -javaagent:C:\Users\liennth7\.IdeaIC2019.3\system\captureAgent\debugger-agent.jar -Dfile.encoding=UTF-8 com.intellij.rt.testng.RemoteTestNGStarter -usedefaultlisteners false -socket58600 @w@C:\Users\liennth7\AppData\Local\Temp\idea_working_dirs_testng.tmp -temp C:\Users\liennth7\AppData\Local\Temp\idea_testng.tmp

Host: Intel(R) Core(TM) i7-6500U CPU @ 2.50GHz, 4 cores, 7G,  Windows 10 , 64 bit Build 17763 (10.0.17763.475)
Time: Thu Feb 20 14:58:54 2020 SE Asia Standard Time elapsed time: 1315 seconds (0d 0h 21m 55s)

---------------  T H R E A D  ---------------

Current thread (0x000001d04f08e000):  VMThread "VM Thread" [stack: 0x0000002acfa00000,0x0000002acfb00000] [id=2812]

Stack: [0x0000002acfa00000,0x0000002acfb00000]
[error occurred during error reporting (printing stack bounds), id 0xc0000005, EXCEPTION_ACCESS_VIOLATION (0xc0000005) at pc=0x000001d039020bad]

Native frames: (J=compiled Java code, j=interpreted, Vv=VM code, C=native code)
V  [jvm.dll+0x63c22a]
V  [jvm.dll+0x7797ef]
V  [jvm.dll+0x77adda]
V  [jvm.dll+0x77b3f5]
V  [jvm.dll+0x77b3ab]
V  [jvm.dll+0x63b926]
V  [jvm.dll+0x63bcf8]
C  [ntdll.dll+0xa478f]
C  [ntdll.dll+0x4bef]
C  [ntdll.dll+0xa34fe]
C  0x000001d039020bad

VM_Operation (0x0000002ad03ff3a0): GetOrSetLocal, mode: safepoint, requested by thread 0x000001d04faf2000


---------------  P R O C E S S  ---------------

Threads class SMR info:
_java_thread_list=0x000001d0508e8450, length=20, elements={
0x000001d030d2f800, 0x000001d04f069000, 0x000001d04f891800, 0x000001d04f8a6800,
0x000001d04f8a9800, 0x000001d04f8aa800, 0x000001d04f934800, 0x000001d04f957000,
0x000001d04fa75800, 0x000001d04faf2000, 0x000001d04fb2e000, 0x000001d04fb32800,
0x000001d04fe0c000, 0x000001d0507f2000, 0x000001d0507d0800, 0x000001d0507d1800,
0x000001d050d5d800, 0x000001d050900000, 0x000001d050eb0800, 0x000001d050b21800
}

Java Threads: ( => current thread )
  0x000001d030d2f800 JavaThread "main" [_thread_blocked, id=8688, stack(0x0000002acf400000,0x0000002acf500000)]
  0x000001d04f069000 JavaThread "Reference Handler" daemon [_thread_blocked, id=14544, stack(0x0000002acfb00000,0x0000002acfc00000)]
  0x000001d04f891800 JavaThread "Finalizer" daemon [_thread_blocked, id=3560, stack(0x0000002acfc00000,0x0000002acfd00000)]
  0x000001d04f8a6800 JavaThread "Signal Dispatcher" daemon [_thread_blocked, id=11616, stack(0x0000002acfd00000,0x0000002acfe00000)]
  0x000001d04f8a9800 JavaThread "Attach Listener" daemon [_thread_blocked, id=15728, stack(0x0000002acfe00000,0x0000002acff00000)]
  0x000001d04f8aa800 JavaThread "C2 CompilerThread0" daemon [_thread_blocked, id=1524, stack(0x0000002acff00000,0x0000002ad0000000)]
  0x000001d04f934800 JavaThread "C1 CompilerThread0" daemon [_thread_blocked, id=1408, stack(0x0000002ad0000000,0x0000002ad0100000)]
  0x000001d04f957000 JavaThread "Sweeper thread" daemon [_thread_blocked, id=15688, stack(0x0000002ad0100000,0x0000002ad0200000)]
  0x000001d04fa75800 JavaThread "Common-Cleaner" daemon [_thread_blocked, id=1220, stack(0x0000002ad0200000,0x0000002ad0300000)]
  0x000001d04faf2000 JavaThread "JDWP Transport Listener: dt_socket" daemon [_thread_blocked, id=16204, stack(0x0000002ad0300000,0x0000002ad0400000)] _threads_hazard_ptr=0x000001d0508e8450
  0x000001d04fb2e000 JavaThread "JDWP Event Helper Thread" daemon [_thread_blocked, id=15992, stack(0x0000002ad0400000,0x0000002ad0500000)]
  0x000001d04fb32800 JavaThread "JDWP Command Reader" daemon [_thread_in_native, id=2928, stack(0x0000002ad0500000,0x0000002ad0600000)]
  0x000001d04fe0c000 JavaThread "Service Thread" daemon [_thread_blocked, id=16160, stack(0x0000002ad0600000,0x0000002ad0700000)]
  0x000001d0507f2000 JavaThread "Exec Default Executor" daemon [_thread_in_native, id=13824, stack(0x0000002ad0b00000,0x0000002ad0c00000)]
  0x000001d0507d0800 JavaThread "Exec Stream Pumper" daemon [_thread_in_native, id=2132, stack(0x0000002ad0d00000,0x0000002ad0e00000)]
  0x000001d0507d1800 JavaThread "Exec Stream Pumper" daemon [_thread_in_native, id=14368, stack(0x0000002ad0e00000,0x0000002ad0f00000)]
  0x000001d050d5d800 JavaThread "ForkJoinPool.commonPool-worker-3" daemon [_thread_blocked, id=10672, stack(0x0000002ad0f00000,0x0000002ad1000000)]
  0x000001d050900000 JavaThread "ForkJoinPool.commonPool-worker-5" daemon [_thread_blocked, id=4936, stack(0x0000002ad1000000,0x0000002ad1100000)]
  0x000001d050eb0800 JavaThread "OkHttp ConnectionPool" daemon [_thread_blocked, id=15636, stack(0x0000002ad1100000,0x0000002ad1200000)]
  0x000001d050b21800 JavaThread "Okio Watchdog" daemon [_thread_blocked, id=15328, stack(0x0000002ad1200000,0x0000002ad1300000)]

Other Threads:
=>0x000001d04f08e000 VMThread "VM Thread" [stack: 0x0000002acfa00000,0x0000002acfb00000] [id=2812]
  0x000001d04fc84000 WatcherThread [stack: 0x0000002ad0700000,0x0000002ad0800000] [id=11648]
  0x000001d030d47800 GCTaskThread "GC Thread#0" [stack: 0x0000002acf500000,0x0000002acf600000] [id=5820]
  0x000001d050796800 GCTaskThread "GC Thread#1" [stack: 0x0000002ad0900000,0x0000002ad0a00000] [id=11688]
  0x000001d0507c3800 GCTaskThread "GC Thread#2" [stack: 0x0000002ad0a00000,0x0000002ad0b00000] [id=13132]
  0x000001d030d79000 ConcurrentGCThread "G1 Main Marker" [stack: 0x0000002acf600000,0x0000002acf700000] [id=8924]
  0x000001d030d7a800 ConcurrentGCThread "G1 Conc#0" [stack: 0x0000002acf700000,0x0000002acf800000] [id=2844]
  0x000001d030dce000 ConcurrentGCThread "G1 Refine#0" [stack: 0x0000002acf800000,0x0000002acf900000] [id=9356]
  0x000001d04eecc800 ConcurrentGCThread "G1 Young RemSet Sampling" [stack: 0x0000002acf900000,0x0000002acfa00000] [id=9464]

Threads with active compile tasks:

VM state:at safepoint (normal execution)

VM Mutex/Monitor currently owned by a thread:  ([mutex/lock_event])
[0x000001d030d2cf50] Threads_lock - owner thread: 0x000001d04f08e000

Heap address: 0x0000000081a00000, size: 2022 MB, Compressed Oops mode: 32-bit
Narrow klass base: 0x0000000000000000, Narrow klass shift: 3
Compressed class space size: 1073741824 Address: 0x0000000100000000

Heap:
 garbage-first heap   total 131072K, used 43213K [0x0000000081a00000, 0x0000000100000000)
  region size 1024K, 38 young (38912K), 2 survivors (2048K)
 Metaspace       used 23516K, capacity 24242K, committed 24448K, reserved 1071104K
  class space    used 2568K, capacity 2843K, committed 2944K, reserved 1048576K
Heap Regions: E=young(eden), S=young(survivor), O=old, HS=humongous(starts), HC=humongous(continues), CS=collection set, F=free, A=archive, TAMS=top-at-mark-start (previous, next)
|   0|0x0000000081a00000, 0x0000000081b00000, 0x0000000081b00000|100%| O|  |TAMS 0x0000000081b00000, 0x0000000081a00000| Untracked 
|   1|0x0000000081b00000, 0x0000000081c00000, 0x0000000081c00000|100%| O|  |TAMS 0x0000000081b53e00, 0x0000000081b00000| Untracked 
|   2|0x0000000081c00000, 0x0000000081d00000, 0x0000000081d00000|100%| O|  |TAMS 0x0000000081c00000, 0x0000000081c00000| Untracked 
|   3|0x0000000081d00000, 0x0000000081e00000, 0x0000000081e00000|100%| O|  |TAMS 0x0000000081d00000, 0x0000000081d00000| Untracked 
|   4|0x0000000081e00000, 0x0000000081f00000, 0x0000000081f00000|100%| O|  |TAMS 0x0000000081e00000, 0x0000000081e00000| Untracked 
|   5|0x0000000081f00000, 0x0000000081fe2600, 0x0000000082000000| 88%| O|  |TAMS 0x0000000081f00000, 0x0000000081f00000| Untracked 
|   6|0x0000000082000000, 0x0000000082000000, 0x0000000082100000|  0%| F|  |TAMS 0x0000000082000000, 0x0000000082000000| Untracked 
|   7|0x0000000082100000, 0x0000000082100000, 0x0000000082200000|  0%| F|  |TAMS 0x0000000082100000, 0x0000000082100000| Untracked 
|   8|0x0000000082200000, 0x0000000082200000, 0x0000000082300000|  0%| F|  |TAMS 0x0000000082200000, 0x0000000082200000| Untracked 
|   9|0x0000000082300000, 0x0000000082300000, 0x0000000082400000|  0%| F|  |TAMS 0x0000000082300000, 0x0000000082300000| Untracked 
|  10|0x0000000082400000, 0x0000000082400000, 0x0000000082500000|  0%| F|  |TAMS 0x0000000082400000, 0x0000000082400000| Untracked 
|  11|0x0000000082500000, 0x0000000082500000, 0x0000000082600000|  0%| F|  |TAMS 0x0000000082500000, 0x0000000082500000| Untracked 
|  12|0x0000000082600000, 0x0000000082600000, 0x0000000082700000|  0%| F|  |TAMS 0x0000000082600000, 0x0000000082600000| Untracked 
|  13|0x0000000082700000, 0x0000000082700000, 0x0000000082800000|  0%| F|  |TAMS 0x0000000082700000, 0x0000000082700000| Untracked 
|  14|0x0000000082800000, 0x0000000082800000, 0x0000000082900000|  0%| F|  |TAMS 0x0000000082800000, 0x0000000082800000| Untracked 
|  15|0x0000000082900000, 0x0000000082900000, 0x0000000082a00000|  0%| F|  |TAMS 0x0000000082900000, 0x0000000082900000| Untracked 
|  16|0x0000000082a00000, 0x0000000082a00000, 0x0000000082b00000|  0%| F|  |TAMS 0x0000000082a00000, 0x0000000082a00000| Untracked 
|  17|0x0000000082b00000, 0x0000000082b00000, 0x0000000082c00000|  0%| F|  |TAMS 0x0000000082b00000, 0x0000000082b00000| Untracked 
|  18|0x0000000082c00000, 0x0000000082c00000, 0x0000000082d00000|  0%| F|  |TAMS 0x0000000082c00000, 0x0000000082c00000| Untracked 
|  19|0x0000000082d00000, 0x0000000082d00000, 0x0000000082e00000|  0%| F|  |TAMS 0x0000000082d00000, 0x0000000082d00000| Untracked 
|  20|0x0000000082e00000, 0x0000000082e00000, 0x0000000082f00000|  0%| F|  |TAMS 0x0000000082e00000, 0x0000000082e00000| Untracked 
|  21|0x0000000082f00000, 0x0000000082f00000, 0x0000000083000000|  0%| F|  |TAMS 0x0000000082f00000, 0x0000000082f00000| Untracked 
|  22|0x0000000083000000, 0x0000000083000000, 0x0000000083100000|  0%| F|  |TAMS 0x0000000083000000, 0x0000000083000000| Untracked 
|  23|0x0000000083100000, 0x0000000083100000, 0x0000000083200000|  0%| F|  |TAMS 0x0000000083100000, 0x0000000083100000| Untracked 
|  24|0x0000000083200000, 0x0000000083200000, 0x0000000083300000|  0%| F|  |TAMS 0x0000000083200000, 0x0000000083200000| Untracked 
|  25|0x0000000083300000, 0x0000000083300000, 0x0000000083400000|  0%| F|  |TAMS 0x0000000083300000, 0x0000000083300000| Untracked 
|  26|0x0000000083400000, 0x0000000083400000, 0x0000000083500000|  0%| F|  |TAMS 0x0000000083400000, 0x0000000083400000| Untracked 
|  27|0x0000000083500000, 0x0000000083500000, 0x0000000083600000|  0%| F|  |TAMS 0x0000000083500000, 0x0000000083500000| Untracked 
|  28|0x0000000083600000, 0x0000000083600000, 0x0000000083700000|  0%| F|  |TAMS 0x0000000083600000, 0x0000000083600000| Untracked 
|  29|0x0000000083700000, 0x0000000083700000, 0x0000000083800000|  0%| F|  |TAMS 0x0000000083700000, 0x0000000083700000| Untracked 
|  30|0x0000000083800000, 0x0000000083800000, 0x0000000083900000|  0%| F|  |TAMS 0x0000000083800000, 0x0000000083800000| Untracked 
|  31|0x0000000083900000, 0x0000000083900000, 0x0000000083a00000|  0%| F|  |TAMS 0x0000000083900000, 0x0000000083900000| Untracked 
|  32|0x0000000083a00000, 0x0000000083a00000, 0x0000000083b00000|  0%| F|  |TAMS 0x0000000083a00000, 0x0000000083a00000| Untracked 
|  33|0x0000000083b00000, 0x0000000083b00000, 0x0000000083c00000|  0%| F|  |TAMS 0x0000000083b00000, 0x0000000083b00000| Untracked 
|  34|0x0000000083c00000, 0x0000000083c00000, 0x0000000083d00000|  0%| F|  |TAMS 0x0000000083c00000, 0x0000000083c00000| Untracked 
|  35|0x0000000083d00000, 0x0000000083d00000, 0x0000000083e00000|  0%| F|  |TAMS 0x0000000083d00000, 0x0000000083d00000| Untracked 
|  36|0x0000000083e00000, 0x0000000083e00000, 0x0000000083f00000|  0%| F|  |TAMS 0x0000000083e00000, 0x0000000083e00000| Untracked 
|  37|0x0000000083f00000, 0x0000000083f00000, 0x0000000084000000|  0%| F|  |TAMS 0x0000000083f00000, 0x0000000083f00000| Untracked 
|  38|0x0000000084000000, 0x0000000084000000, 0x0000000084100000|  0%| F|  |TAMS 0x0000000084000000, 0x0000000084000000| Untracked 
|  39|0x0000000084100000, 0x0000000084100000, 0x0000000084200000|  0%| F|  |TAMS 0x0000000084100000, 0x0000000084100000| Untracked 
|  40|0x0000000084200000, 0x0000000084200000, 0x0000000084300000|  0%| F|  |TAMS 0x0000000084200000, 0x0000000084200000| Untracked 
|  41|0x0000000084300000, 0x0000000084300000, 0x0000000084400000|  0%| F|  |TAMS 0x0000000084300000, 0x0000000084300000| Untracked 
|  42|0x0000000084400000, 0x0000000084400000, 0x0000000084500000|  0%| F|  |TAMS 0x0000000084400000, 0x0000000084400000| Untracked 
|  43|0x0000000084500000, 0x0000000084500000, 0x0000000084600000|  0%| F|  |TAMS 0x0000000084500000, 0x0000000084500000| Untracked 
|  44|0x0000000084600000, 0x0000000084600000, 0x0000000084700000|  0%| F|  |TAMS 0x0000000084600000, 0x0000000084600000| Untracked 
|  45|0x0000000084700000, 0x0000000084700000, 0x0000000084800000|  0%| F|  |TAMS 0x0000000084700000, 0x0000000084700000| Untracked 
|  46|0x0000000084800000, 0x0000000084800000, 0x0000000084900000|  0%| F|  |TAMS 0x0000000084800000, 0x0000000084800000| Untracked 
|  47|0x0000000084900000, 0x0000000084900000, 0x0000000084a00000|  0%| F|  |TAMS 0x0000000084900000, 0x0000000084900000| Untracked 
|  48|0x0000000084a00000, 0x0000000084a00000, 0x0000000084b00000|  0%| F|  |TAMS 0x0000000084a00000, 0x0000000084a00000| Untracked 
|  49|0x0000000084b00000, 0x0000000084b00000, 0x0000000084c00000|  0%| F|  |TAMS 0x0000000084b00000, 0x0000000084b00000| Untracked 
|  50|0x0000000084c00000, 0x0000000084c00000, 0x0000000084d00000|  0%| F|  |TAMS 0x0000000084c00000, 0x0000000084c00000| Untracked 
|  51|0x0000000084d00000, 0x0000000084d00000, 0x0000000084e00000|  0%| F|  |TAMS 0x0000000084d00000, 0x0000000084d00000| Untracked 
|  52|0x0000000084e00000, 0x0000000084e00000, 0x0000000084f00000|  0%| F|  |TAMS 0x0000000084e00000, 0x0000000084e00000| Untracked 
|  53|0x0000000084f00000, 0x0000000084f00000, 0x0000000085000000|  0%| F|  |TAMS 0x0000000084f00000, 0x0000000084f00000| Untracked 
|  54|0x0000000085000000, 0x0000000085000000, 0x0000000085100000|  0%| F|  |TAMS 0x0000000085000000, 0x0000000085000000| Untracked 
|  55|0x0000000085100000, 0x0000000085100000, 0x0000000085200000|  0%| F|  |TAMS 0x0000000085100000, 0x0000000085100000| Untracked 
|  56|0x0000000085200000, 0x0000000085200000, 0x0000000085300000|  0%| F|  |TAMS 0x0000000085200000, 0x0000000085200000| Untracked 
|  57|0x0000000085300000, 0x0000000085300000, 0x0000000085400000|  0%| F|  |TAMS 0x0000000085300000, 0x0000000085300000| Untracked 
|  58|0x0000000085400000, 0x0000000085400000, 0x0000000085500000|  0%| F|  |TAMS 0x0000000085400000, 0x0000000085400000| Untracked 
|  59|0x0000000085500000, 0x0000000085500000, 0x0000000085600000|  0%| F|  |TAMS 0x0000000085500000, 0x0000000085500000| Untracked 
|  60|0x0000000085600000, 0x0000000085600000, 0x0000000085700000|  0%| F|  |TAMS 0x0000000085600000, 0x0000000085600000| Untracked 
|  61|0x0000000085700000, 0x0000000085700000, 0x0000000085800000|  0%| F|  |TAMS 0x0000000085700000, 0x0000000085700000| Untracked 
|  62|0x0000000085800000, 0x0000000085800000, 0x0000000085900000|  0%| F|  |TAMS 0x0000000085800000, 0x0000000085800000| Untracked 
|  63|0x0000000085900000, 0x0000000085900000, 0x0000000085a00000|  0%| F|  |TAMS 0x0000000085900000, 0x0000000085900000| Untracked 
|  64|0x0000000085a00000, 0x0000000085a00000, 0x0000000085b00000|  0%| F|  |TAMS 0x0000000085a00000, 0x0000000085a00000| Untracked 
|  65|0x0000000085b00000, 0x0000000085b00000, 0x0000000085c00000|  0%| F|  |TAMS 0x0000000085b00000, 0x0000000085b00000| Untracked 
|  66|0x0000000085c00000, 0x0000000085c00000, 0x0000000085d00000|  0%| F|  |TAMS 0x0000000085c00000, 0x0000000085c00000| Untracked 
|  67|0x0000000085d00000, 0x0000000085d00000, 0x0000000085e00000|  0%| F|  |TAMS 0x0000000085d00000, 0x0000000085d00000| Untracked 
|  68|0x0000000085e00000, 0x0000000085e00000, 0x0000000085f00000|  0%| F|  |TAMS 0x0000000085e00000, 0x0000000085e00000| Untracked 
|  69|0x0000000085f00000, 0x0000000085f00000, 0x0000000086000000|  0%| F|  |TAMS 0x0000000085f00000, 0x0000000085f00000| Untracked 
|  70|0x0000000086000000, 0x0000000086000000, 0x0000000086100000|  0%| F|  |TAMS 0x0000000086000000, 0x0000000086000000| Untracked 
|  71|0x0000000086100000, 0x0000000086100000, 0x0000000086200000|  0%| F|  |TAMS 0x0000000086100000, 0x0000000086100000| Untracked 
|  72|0x0000000086200000, 0x0000000086200000, 0x0000000086300000|  0%| F|  |TAMS 0x0000000086200000, 0x0000000086200000| Untracked 
|  73|0x0000000086300000, 0x0000000086300000, 0x0000000086400000|  0%| F|  |TAMS 0x0000000086300000, 0x0000000086300000| Untracked 
|  74|0x0000000086400000, 0x0000000086400000, 0x0000000086500000|  0%| F|  |TAMS 0x0000000086400000, 0x0000000086400000| Untracked 
|  75|0x0000000086500000, 0x0000000086500000, 0x0000000086600000|  0%| F|  |TAMS 0x0000000086500000, 0x0000000086500000| Untracked 
|  76|0x0000000086600000, 0x0000000086600000, 0x0000000086700000|  0%| F|  |TAMS 0x0000000086600000, 0x0000000086600000| Untracked 
|  77|0x0000000086700000, 0x0000000086700000, 0x0000000086800000|  0%| F|  |TAMS 0x0000000086700000, 0x0000000086700000| Untracked 
|  78|0x0000000086800000, 0x0000000086800000, 0x0000000086900000|  0%| F|  |TAMS 0x0000000086800000, 0x0000000086800000| Untracked 
|  79|0x0000000086900000, 0x0000000086900000, 0x0000000086a00000|  0%| F|  |TAMS 0x0000000086900000, 0x0000000086900000| Untracked 
|  80|0x0000000086a00000, 0x0000000086a00000, 0x0000000086b00000|  0%| F|  |TAMS 0x0000000086a00000, 0x0000000086a00000| Untracked 
|  81|0x0000000086b00000, 0x0000000086b00000, 0x0000000086c00000|  0%| F|  |TAMS 0x0000000086b00000, 0x0000000086b00000| Untracked 
|  82|0x0000000086c00000, 0x0000000086c00000, 0x0000000086d00000|  0%| F|  |TAMS 0x0000000086c00000, 0x0000000086c00000| Untracked 
|  83|0x0000000086d00000, 0x0000000086d00000, 0x0000000086e00000|  0%| F|  |TAMS 0x0000000086d00000, 0x0000000086d00000| Untracked 
|  84|0x0000000086e00000, 0x0000000086e00000, 0x0000000086f00000|  0%| F|  |TAMS 0x0000000086e00000, 0x0000000086e00000| Untracked 
|  85|0x0000000086f00000, 0x0000000086f00000, 0x0000000087000000|  0%| F|  |TAMS 0x0000000086f00000, 0x0000000086f00000| Untracked 
|  86|0x0000000087000000, 0x0000000087000000, 0x0000000087100000|  0%| F|  |TAMS 0x0000000087000000, 0x0000000087000000| Untracked 
|  87|0x0000000087100000, 0x0000000087100000, 0x0000000087200000|  0%| F|  |TAMS 0x0000000087100000, 0x0000000087100000| Untracked 
|  88|0x0000000087200000, 0x0000000087200000, 0x0000000087300000|  0%| F|  |TAMS 0x0000000087200000, 0x0000000087200000| Untracked 
|  89|0x0000000087300000, 0x0000000087300000, 0x0000000087400000|  0%| F|  |TAMS 0x0000000087300000, 0x0000000087300000| Untracked 
|  90|0x0000000087400000, 0x0000000087470098, 0x0000000087500000| 43%| E|  |TAMS 0x0000000087400000, 0x0000000087400000| Complete 
|  91|0x0000000087500000, 0x0000000087600000, 0x0000000087600000|100%| E|CS|TAMS 0x0000000087500000, 0x0000000087500000| Complete 
|  92|0x0000000087600000, 0x0000000087700000, 0x0000000087700000|100%| E|CS|TAMS 0x0000000087600000, 0x0000000087600000| Complete 
|  93|0x0000000087700000, 0x0000000087800000, 0x0000000087800000|100%| E|CS|TAMS 0x0000000087700000, 0x0000000087700000| Complete 
|  94|0x0000000087800000, 0x0000000087900000, 0x0000000087900000|100%| E|CS|TAMS 0x0000000087800000, 0x0000000087800000| Complete 
|  95|0x0000000087900000, 0x0000000087a00000, 0x0000000087a00000|100%| E|CS|TAMS 0x0000000087900000, 0x0000000087900000| Complete 
|  96|0x0000000087a00000, 0x0000000087b00000, 0x0000000087b00000|100%| E|CS|TAMS 0x0000000087a00000, 0x0000000087a00000| Complete 
|  97|0x0000000087b00000, 0x0000000087c00000, 0x0000000087c00000|100%| E|CS|TAMS 0x0000000087b00000, 0x0000000087b00000| Complete 
|  98|0x0000000087c00000, 0x0000000087d00000, 0x0000000087d00000|100%| E|CS|TAMS 0x0000000087c00000, 0x0000000087c00000| Complete 
|  99|0x0000000087d00000, 0x0000000087e00000, 0x0000000087e00000|100%| E|CS|TAMS 0x0000000087d00000, 0x0000000087d00000| Complete 
| 100|0x0000000087e00000, 0x0000000087f00000, 0x0000000087f00000|100%| E|CS|TAMS 0x0000000087e00000, 0x0000000087e00000| Complete 
| 101|0x0000000087f00000, 0x0000000088000000, 0x0000000088000000|100%| E|CS|TAMS 0x0000000087f00000, 0x0000000087f00000| Complete 
| 102|0x0000000088000000, 0x0000000088100000, 0x0000000088100000|100%| E|CS|TAMS 0x0000000088000000, 0x0000000088000000| Complete 
| 103|0x0000000088100000, 0x0000000088200000, 0x0000000088200000|100%| E|CS|TAMS 0x0000000088100000, 0x0000000088100000| Complete 
| 104|0x0000000088200000, 0x0000000088300000, 0x0000000088300000|100%| E|CS|TAMS 0x0000000088200000, 0x0000000088200000| Complete 
| 105|0x0000000088300000, 0x0000000088400000, 0x0000000088400000|100%| E|CS|TAMS 0x0000000088300000, 0x0000000088300000| Complete 
| 106|0x0000000088400000, 0x0000000088500000, 0x0000000088500000|100%| E|CS|TAMS 0x0000000088400000, 0x0000000088400000| Complete 
| 107|0x0000000088500000, 0x0000000088600000, 0x0000000088600000|100%| E|CS|TAMS 0x0000000088500000, 0x0000000088500000| Complete 
| 108|0x0000000088600000, 0x0000000088700000, 0x0000000088700000|100%| E|CS|TAMS 0x0000000088600000, 0x0000000088600000| Complete 
| 109|0x0000000088700000, 0x0000000088800000, 0x0000000088800000|100%| E|CS|TAMS 0x0000000088700000, 0x0000000088700000| Complete 
| 110|0x0000000088800000, 0x0000000088900000, 0x0000000088900000|100%| E|CS|TAMS 0x0000000088800000, 0x0000000088800000| Complete 
| 111|0x0000000088900000, 0x0000000088950f80, 0x0000000088a00000| 31%| S|CS|TAMS 0x0000000088900000, 0x0000000088900000| Complete 
| 112|0x0000000088a00000, 0x0000000088b00000, 0x0000000088b00000|100%| S|CS|TAMS 0x0000000088a00000, 0x0000000088a00000| Complete 
| 113|0x0000000088b00000, 0x0000000088c00000, 0x0000000088c00000|100%| E|CS|TAMS 0x0000000088b00000, 0x0000000088b00000| Complete 
| 114|0x0000000088c00000, 0x0000000088d00000, 0x0000000088d00000|100%| E|CS|TAMS 0x0000000088c00000, 0x0000000088c00000| Complete 
| 115|0x0000000088d00000, 0x0000000088e00000, 0x0000000088e00000|100%| E|CS|TAMS 0x0000000088d00000, 0x0000000088d00000| Complete 
| 116|0x0000000088e00000, 0x0000000088f00000, 0x0000000088f00000|100%| E|CS|TAMS 0x0000000088e00000, 0x0000000088e00000| Complete 
| 117|0x0000000088f00000, 0x0000000089000000, 0x0000000089000000|100%| E|CS|TAMS 0x0000000088f00000, 0x0000000088f00000| Complete 
| 118|0x0000000089000000, 0x0000000089100000, 0x0000000089100000|100%| E|CS|TAMS 0x0000000089000000, 0x0000000089000000| Complete 
| 119|0x0000000089100000, 0x0000000089200000, 0x0000000089200000|100%| E|CS|TAMS 0x0000000089100000, 0x0000000089100000| Complete 
| 120|0x0000000089200000, 0x0000000089300000, 0x0000000089300000|100%| E|CS|TAMS 0x0000000089200000, 0x0000000089200000| Complete 
| 121|0x0000000089300000, 0x0000000089400000, 0x0000000089400000|100%| E|CS|TAMS 0x0000000089300000, 0x0000000089300000| Complete 
| 122|0x0000000089400000, 0x0000000089500000, 0x0000000089500000|100%| E|CS|TAMS 0x0000000089400000, 0x0000000089400000| Complete 
| 123|0x0000000089500000, 0x0000000089600000, 0x0000000089600000|100%| E|CS|TAMS 0x0000000089500000, 0x0000000089500000| Complete 
| 124|0x0000000089600000, 0x0000000089700000, 0x0000000089700000|100%| E|CS|TAMS 0x0000000089600000, 0x0000000089600000| Complete 
| 125|0x0000000089700000, 0x0000000089800000, 0x0000000089800000|100%| E|CS|TAMS 0x0000000089700000, 0x0000000089700000| Complete 
| 126|0x0000000089800000, 0x0000000089900000, 0x0000000089900000|100%| E|CS|TAMS 0x0000000089800000, 0x0000000089800000| Complete 
| 127|0x0000000089900000, 0x0000000089a00000, 0x0000000089a00000|100%| E|CS|TAMS 0x0000000089900000, 0x0000000089900000| Complete 

Card table byte_map: [0x000001d048420000,0x000001d048820000] _byte_map_base: 0x000001d048013000

Marking Bits (Prev, Next): (CMBitMap*) 0x000001d030d70500, (CMBitMap*) 0x000001d030d704c8
 Prev Bits: [0x000001d04abc0000, 0x000001d04cb58000)
 Next Bits: [0x000001d048c20000, 0x000001d04abb8000)

Polling page: 0x000001d02e480000

Metaspace:

Usage:
  Non-class:     20.90 MB capacity,    20.46 MB ( 98%) used,   373.21 KB (  2%) free+waste,    77.81 KB ( <1%) overhead. 
      Class:      2.78 MB capacity,     2.51 MB ( 90%) used,   238.14 KB (  8%) free+waste,    36.75 KB (  1%) overhead. 
       Both:     23.67 MB capacity,    22.96 MB ( 97%) used,   611.35 KB (  3%) free+waste,   114.56 KB ( <1%) overhead. 

Virtual space:
  Non-class space:       22.00 MB reserved,      21.00 MB ( 95%) committed 
      Class space:        1.00 GB reserved,       2.88 MB ( <1%) committed 
             Both:        1.02 GB reserved,      23.88 MB (  2%) committed 

Chunk freelists:
   Non-Class:  5.13 KB
       Class:  0 bytes
        Both:  5.13 KB

CodeHeap 'non-profiled nmethods': size=120064Kb used=1005Kb max_used=1005Kb free=119058Kb
 bounds [0x000001d040ae0000, 0x000001d040d50000, 0x000001d048020000]
CodeHeap 'profiled nmethods': size=120000Kb used=4796Kb max_used=4796Kb free=115203Kb
 bounds [0x000001d0395b0000, 0x000001d039a60000, 0x000001d040ae0000]
CodeHeap 'non-nmethods': size=5696Kb used=1237Kb max_used=1263Kb free=4459Kb
 bounds [0x000001d039020000, 0x000001d039290000, 0x000001d0395b0000]
 total_blobs=3348 nmethods=2363 adapters=410
 compilation: enabled
              stopped_count=0, restarted_count=0
 full_count=0

Compilation events (10 events):
Event: 83.501 Thread 0x000001d04f934800 2359       3       okio.Buffer::readUtf8Line (48 bytes)
Event: 83.501 Thread 0x000001d04f934800 nmethod 2359 0x000001d039a5d810 code [0x000001d039a5da20, 0x000001d039a5de50]
Event: 83.501 Thread 0x000001d04f934800 2360       3       okio.Buffer::getByte (126 bytes)
Event: 83.502 Thread 0x000001d04f934800 nmethod 2360 0x000001d039a5e010 code [0x000001d039a5e200, 0x000001d039a5e630]
Event: 83.502 Thread 0x000001d04f934800 2361       1       okio.ForwardingTimeout::delegate (5 bytes)
Event: 83.502 Thread 0x000001d04f934800 nmethod 2361 0x000001d040bdaf90 code [0x000001d040bdb140, 0x000001d040bdb258]
Event: 83.502 Thread 0x000001d04f934800 2362       1       org.openqa.selenium.remote.http.HttpMessage::consumeContentStream (5 bytes)
Event: 83.502 Thread 0x000001d04f934800 nmethod 2362 0x000001d040bdb310 code [0x000001d040bdb4c0, 0x000001d040bdb5d8]
Event: 946.850 Thread 0x000001d04f934800 2363       3       java.util.TreeMap::getEntry (84 bytes)
Event: 946.850 Thread 0x000001d04f934800 nmethod 2363 0x000001d039a5e890 code [0x000001d039a5eaa0, 0x000001d039a5f0f0]

GC Heap History (6 events):
Event: 1.935 GC heap before
{Heap before GC invocations=0 (full 0):
 garbage-first heap   total 131072K, used 13312K [0x0000000081a00000, 0x0000000100000000)
  region size 1024K, 14 young (14336K), 0 survivors (0K)
 Metaspace       used 11245K, capacity 11438K, committed 11776K, reserved 1060864K
  class space    used 1085K, capacity 1157K, committed 1280K, reserved 1048576K
}
Event: 1.952 GC heap after
{Heap after GC invocations=1 (full 0):
 garbage-first heap   total 131072K, used 3407K [0x0000000081a00000, 0x0000000100000000)
  region size 1024K, 2 young (2048K), 2 survivors (2048K)
 Metaspace       used 11245K, capacity 11438K, committed 11776K, reserved 1060864K
  class space    used 1085K, capacity 1157K, committed 1280K, reserved 1048576K
}
Event: 3.877 GC heap before
{Heap before GC invocations=1 (full 0):
 garbage-first heap   total 131072K, used 41295K [0x0000000081a00000, 0x0000000100000000)
  region size 1024K, 40 young (40960K), 2 survivors (2048K)
 Metaspace       used 20495K, capacity 21107K, committed 21248K, reserved 1069056K
  class space    used 2235K, capacity 2463K, committed 2560K, reserved 1048576K
}
Event: 3.887 GC heap after
{Heap after GC invocations=2 (full 0):
 garbage-first heap   total 131072K, used 6186K [0x0000000081a00000, 0x0000000100000000)
  region size 1024K, 5 young (5120K), 5 survivors (5120K)
 Metaspace       used 20495K, capacity 21107K, committed 21248K, reserved 1069056K
  class space    used 2235K, capacity 2463K, committed 2560K, reserved 1048576K
}
Event: 17.690 GC heap before
{Heap before GC invocations=3 (full 0):
 garbage-first heap   total 131072K, used 21546K [0x0000000081a00000, 0x0000000100000000)
  region size 1024K, 20 young (20480K), 5 survivors (5120K)
 Metaspace       used 23078K, capacity 23798K, committed 23936K, reserved 1071104K
  class space    used 2546K, capacity 2825K, committed 2944K, reserved 1048576K
}
Event: 17.699 GC heap after
{Heap after GC invocations=4 (full 0):
 garbage-first heap   total 131072K, used 7373K [0x0000000081a00000, 0x0000000100000000)
  region size 1024K, 2 young (2048K), 2 survivors (2048K)
 Metaspace       used 23078K, capacity 23798K, committed 23936K, reserved 1071104K
  class space    used 2546K, capacity 2825K, committed 2944K, reserved 1048576K
}

Deoptimization events (10 events):
Event: 3.834 Thread 0x000001d030d2f800 Uncommon trap: reason=class_check action=maybe_recompile pc=0x000001d040b70e80 method=java.util.concurrent.ConcurrentHashMap.putVal(Ljava/lang/Object;Ljava/lang/Object;Z)Ljava/lang/Object; @ 159 c2
Event: 3.834 Thread 0x000001d030d2f800 Uncommon trap: reason=class_check action=maybe_recompile pc=0x000001d040b70e80 method=java.util.concurrent.ConcurrentHashMap.putVal(Ljava/lang/Object;Ljava/lang/Object;Z)Ljava/lang/Object; @ 159 c2
Event: 3.834 Thread 0x000001d030d2f800 Uncommon trap: reason=class_check action=maybe_recompile pc=0x000001d040b70e80 method=java.util.concurrent.ConcurrentHashMap.putVal(Ljava/lang/Object;Ljava/lang/Object;Z)Ljava/lang/Object; @ 159 c2
Event: 3.936 Thread 0x000001d030d2f800 Uncommon trap: reason=unstable_if action=reinterpret pc=0x000001d040b62c80 method=java.util.regex.Pattern$BmpCharProperty.match(Ljava/util/regex/Matcher;ILjava/lang/CharSequence;)Z @ 39 c2
Event: 3.972 Thread 0x000001d030d2f800 Uncommon trap: reason=unstable_if action=reinterpret pc=0x000001d040b60e60 method=java.lang.CharacterDataLatin1.digit(II)I @ 12 c2
Event: 7.922 Thread 0x000001d030d2f800 Uncommon trap: reason=class_check action=maybe_recompile pc=0x000001d040b88688 method=org.openqa.selenium.json.Input.init()V @ 18 c2
Event: 7.922 Thread 0x000001d030d2f800 Uncommon trap: reason=class_check action=maybe_recompile pc=0x000001d040b88688 method=org.openqa.selenium.json.Input.init()V @ 18 c2
Event: 7.922 Thread 0x000001d030d2f800 Uncommon trap: reason=class_check action=maybe_recompile pc=0x000001d040b88688 method=org.openqa.selenium.json.Input.init()V @ 18 c2
Event: 7.922 Thread 0x000001d030d2f800 Uncommon trap: reason=class_check action=maybe_recompile pc=0x000001d040b88688 method=org.openqa.selenium.json.Input.init()V @ 18 c2
Event: 7.946 Thread 0x000001d030d2f800 Uncommon trap: reason=unstable_if action=reinterpret pc=0x000001d040b71050 method=java.util.concurrent.ConcurrentHashMap.putVal(Ljava/lang/Object;Ljava/lang/Object;Z)Ljava/lang/Object; @ 256 c2

Classes redefined (8 events):
Event: 504.834 Thread 0x000001d04f08e000 redefined class name=com.unifiedpost.automation.marketplace.pageobjects.dashboardpage.CreateProjectPage, count=1
Event: 584.050 Thread 0x000001d04f08e000 redefined class name=TestConfig$Browser, count=1
Event: 584.060 Thread 0x000001d04f08e000 redefined class name=TestConfig, count=1
Event: 584.069 Thread 0x000001d04f08e000 redefined class name=TestConfig$Driver, count=1
Event: 946.305 Thread 0x000001d04f08e000 redefined class name=com.unifiedpost.automation.marketplace.pageobjects.dashboardpage.CreateProjectPage, count=2
Event: 1315.618 Thread 0x000001d04f08e000 redefined class name=TestConfig$Browser, count=2
Event: 1315.627 Thread 0x000001d04f08e000 redefined class name=TestConfig, count=2
Event: 1315.637 Thread 0x000001d04f08e000 redefined class name=TestConfig$Driver, count=2

Internal exceptions (10 events):
Event: 29.072 Thread 0x000001d030d2f800 Exception <a 'java/net/SocketTimeoutException'{0x0000000087f74130}: Read timed out> (0x0000000087f74130) thrown at [t:/workspace/open/src/hotspot/share/prims/jni.cpp, line 636]
Event: 29.080 Thread 0x000001d030d2f800 Exception <a 'java/net/SocketTimeoutException'{0x0000000087f88298}: Read timed out> (0x0000000087f88298) thrown at [t:/workspace/open/src/hotspot/share/prims/jni.cpp, line 636]
Event: 29.086 Thread 0x000001d030d2f800 Exception <a 'java/net/SocketTimeoutException'{0x0000000087f9f3e0}: Read timed out> (0x0000000087f9f3e0) thrown at [t:/workspace/open/src/hotspot/share/prims/jni.cpp, line 636]
Event: 29.405 Thread 0x000001d030d2f800 Exception <a 'java/net/SocketTimeoutException'{0x0000000087fb0e40}: Read timed out> (0x0000000087fb0e40) thrown at [t:/workspace/open/src/hotspot/share/prims/jni.cpp, line 636]
Event: 29.429 Thread 0x000001d030d2f800 Exception <a 'java/net/SocketTimeoutException'{0x0000000087cfc850}: Read timed out> (0x0000000087cfc850) thrown at [t:/workspace/open/src/hotspot/share/prims/jni.cpp, line 636]
Event: 41.270 Thread 0x000001d030d2f800 Exception <a 'java/net/SocketTimeoutException'{0x0000000087b10998}: Read timed out> (0x0000000087b10998) thrown at [t:/workspace/open/src/hotspot/share/prims/jni.cpp, line 636]
Event: 41.284 Thread 0x000001d030d2f800 Exception <a 'java/net/SocketTimeoutException'{0x000000008785c8f0}: Read timed out> (0x000000008785c8f0) thrown at [t:/workspace/open/src/hotspot/share/prims/jni.cpp, line 636]
Event: 58.282 Thread 0x000001d030d2f800 Exception <a 'java/net/SocketTimeoutException'{0x000000008786f390}: Read timed out> (0x000000008786f390) thrown at [t:/workspace/open/src/hotspot/share/prims/jni.cpp, line 636]
Event: 58.294 Thread 0x000001d030d2f800 Exception <a 'java/net/SocketTimeoutException'{0x000000008757dc78}: Read timed out> (0x000000008757dc78) thrown at [t:/workspace/open/src/hotspot/share/prims/jni.cpp, line 636]
Event: 83.481 Thread 0x000001d030d2f800 Exception <a 'java/net/SocketTimeoutException'{0x00000000875d0890}: Read timed out> (0x00000000875d0890) thrown at [t:/workspace/open/src/hotspot/share/prims/jni.cpp, line 636]

Events (10 events):
Event: 1315.743 Executing VM operation: ChangeBreakpoints done
Event: 1315.747 Executing VM operation: ChangeBreakpoints
Event: 1315.748 Executing VM operation: ChangeBreakpoints done
Event: 1315.827 Executing VM operation: GetFrameCount
Event: 1315.827 Executing VM operation: GetFrameCount done
Event: 1315.827 Executing VM operation: GetStackTrace
Event: 1315.827 Executing VM operation: GetStackTrace done
Event: 1315.828 Executing VM operation: GetFrameLocation
Event: 1315.828 Executing VM operation: GetFrameLocation done
Event: 1315.828 Executing VM operation: GetOrSetLocal


Dynamic libraries:
0x00007ff790df0000 - 0x00007ff790e37000 	C:\Program Files\Java\jdk-11\bin\java.exe
0x00007ffc2cb80000 - 0x00007ffc2cd6d000 	C:\Windows\SYSTEM32\ntdll.dll
0x00007ffc2a730000 - 0x00007ffc2a7e3000 	C:\Windows\System32\KERNEL32.DLL
0x00007ffc28fb0000 - 0x00007ffc29243000 	C:\Windows\System32\KERNELBASE.dll
0x00007ffc2a680000 - 0x00007ffc2a723000 	C:\Windows\System32\ADVAPI32.dll
0x00007ffc2a400000 - 0x00007ffc2a49e000 	C:\Windows\System32\msvcrt.dll
0x00007ffc2aa10000 - 0x00007ffc2aaae000 	C:\Windows\System32\sechost.dll
0x00007ffc2a2c0000 - 0x00007ffc2a3e2000 	C:\Windows\System32\RPCRT4.dll
0x00007ffc29dc0000 - 0x00007ffc29f57000 	C:\Windows\System32\USER32.dll
0x00007ffc29c80000 - 0x00007ffc29ca0000 	C:\Windows\System32\win32u.dll
0x00007ffc2a290000 - 0x00007ffc2a2b9000 	C:\Windows\System32\GDI32.dll
0x00007ffc29a80000 - 0x00007ffc29c19000 	C:\Windows\System32\gdi32full.dll
0x00007ffc28c40000 - 0x00007ffc28ce0000 	C:\Windows\System32\msvcp_win.dll
0x00007ffc29ca0000 - 0x00007ffc29d9a000 	C:\Windows\System32\ucrtbase.dll
0x00007ffc27a10000 - 0x00007ffc27c89000 	C:\Windows\WinSxS\amd64_microsoft.windows.common-controls_6595b64144ccf1df_6.0.17763.1039_none_de701650534c7021\COMCTL32.dll
0x00007ffc1bef0000 - 0x00007ffc1befa000 	C:\Windows\SYSTEM32\VERSION.dll
0x00007ffc29f60000 - 0x00007ffc2a28c000 	C:\Windows\System32\combase.dll
0x00007ffc28f30000 - 0x00007ffc28fae000 	C:\Windows\System32\bcryptPrimitives.dll
0x00007ffc2b120000 - 0x00007ffc2b14e000 	C:\Windows\System32\IMM32.DLL
0x00007ffbfc090000 - 0x00007ffbfc140000 	C:\Program Files\McAfee\Endpoint Security\Threat Prevention\Ips\EpMPApi.dll
0x00007ffc29c20000 - 0x00007ffc29c79000 	C:\Windows\System32\WINTRUST.dll
0x00007ffc28c20000 - 0x00007ffc28c32000 	C:\Windows\System32\MSASN1.dll
0x00007ffc28ce0000 - 0x00007ffc28ebc000 	C:\Windows\System32\CRYPT32.dll
0x0000000052790000 - 0x000000005279c000 	C:\Program Files\McAfee\Endpoint Security\Threat Prevention\Ips\EpMPThe.dll
0x00007ffc153d0000 - 0x00007ffc15406000 	C:\Program Files\McAfee\Endpoint Security\Threat Prevention\Ips\HIPHandlers64.dll
0x00007ffc2b160000 - 0x00007ffc2b1b2000 	C:\Windows\System32\SHLWAPI.dll
0x00007ffc205f0000 - 0x00007ffc20606000 	C:\Program Files\Java\jdk-11\bin\vcruntime140.dll
0x00007ffc1a5e0000 - 0x00007ffc1a68a000 	C:\Program Files\Java\jdk-11\bin\msvcp140.dll
0x00007ffbba040000 - 0x00007ffbbab82000 	C:\Program Files\Java\jdk-11\bin\server\jvm.dll
0x00007ffc2a3f0000 - 0x00007ffc2a3f8000 	C:\Windows\System32\PSAPI.DLL
0x00007ffc1b2b0000 - 0x00007ffc1b2b9000 	C:\Windows\SYSTEM32\WSOCK32.dll
0x00007ffc2ac20000 - 0x00007ffc2ac8d000 	C:\Windows\System32\WS2_32.dll
0x00007ffc26410000 - 0x00007ffc26434000 	C:\Windows\SYSTEM32\WINMM.dll
0x00007ffc263e0000 - 0x00007ffc2640d000 	C:\Windows\SYSTEM32\winmmbase.dll
0x00007ffc28ec0000 - 0x00007ffc28f0a000 	C:\Windows\System32\cfgmgr32.dll
0x00007ffc28b70000 - 0x00007ffc28b81000 	C:\Windows\System32\kernel.appcore.dll
0x00007ffc20390000 - 0x00007ffc203a1000 	C:\Program Files\Java\jdk-11\bin\verify.dll
0x00007ffc1d080000 - 0x00007ffc1d26d000 	C:\Windows\SYSTEM32\DBGHELP.DLL
0x00007ffc1cf60000 - 0x00007ffc1cf8a000 	C:\Windows\SYSTEM32\dbgcore.DLL
0x00007ffc1d670000 - 0x00007ffc1d699000 	C:\Program Files\Java\jdk-11\bin\java.dll
0x00007ffc15150000 - 0x00007ffc15187000 	C:\Program Files\Java\jdk-11\bin\jdwp.dll
0x00007ffc18bc0000 - 0x00007ffc18bef000 	C:\Program Files\Java\jdk-11\bin\instrument.dll
0x00007ffc20370000 - 0x00007ffc20386000 	C:\Program Files\Java\jdk-11\bin\zip.dll
0x00007ffc20670000 - 0x00007ffc2067a000 	C:\Program Files\Java\jdk-11\bin\jimage.dll
0x00007ffc2b1c0000 - 0x00007ffc2c6b4000 	C:\Windows\System32\SHELL32.dll
0x00007ffc2a5d0000 - 0x00007ffc2a678000 	C:\Windows\System32\shcore.dll
0x00007ffc29280000 - 0x00007ffc299cd000 	C:\Windows\System32\windows.storage.dll
0x00007ffc28b90000 - 0x00007ffc28bb4000 	C:\Windows\System32\profapi.dll
0x00007ffc28bc0000 - 0x00007ffc28c1d000 	C:\Windows\System32\powrprof.dll
0x00007ffc28f10000 - 0x00007ffc28f27000 	C:\Windows\System32\cryptsp.dll
0x00007ffc1d560000 - 0x00007ffc1d56a000 	C:\Program Files\Java\jdk-11\bin\dt_socket.dll
0x00007ffc28380000 - 0x00007ffc283e7000 	C:\Windows\system32\mswsock.dll
0x00007ffc1df80000 - 0x00007ffc1df99000 	C:\Program Files\Java\jdk-11\bin\net.dll
0x00007ffc23560000 - 0x00007ffc23652000 	C:\Windows\SYSTEM32\WINHTTP.dll
0x00007ffc1d570000 - 0x00007ffc1d583000 	C:\Program Files\Java\jdk-11\bin\nio.dll
0x00007ffc27f00000 - 0x00007ffc27f33000 	C:\Windows\system32\rsaenh.dll
0x00007ffc29250000 - 0x00007ffc29276000 	C:\Windows\System32\bcrypt.dll
0x00007ffc28aa0000 - 0x00007ffc28ac8000 	C:\Windows\SYSTEM32\USERENV.dll
0x00007ffc28550000 - 0x00007ffc2855c000 	C:\Windows\SYSTEM32\CRYPTBASE.dll
0x00007ffc280a0000 - 0x00007ffc280dd000 	C:\Windows\SYSTEM32\IPHLPAPI.DLL
0x00007ffc2b110000 - 0x00007ffc2b118000 	C:\Windows\System32\NSI.dll
0x00007ffc23c90000 - 0x00007ffc23ca6000 	C:\Windows\SYSTEM32\dhcpcsvc6.DLL
0x00007ffc23bf0000 - 0x00007ffc23c0c000 	C:\Windows\SYSTEM32\dhcpcsvc.DLL
0x00007ffc280e0000 - 0x00007ffc281a6000 	C:\Windows\SYSTEM32\DNSAPI.dll
0x00007ffc1beb0000 - 0x00007ffc1beba000 	C:\Windows\System32\rasadhlp.dll
0x00007ffc23f60000 - 0x00007ffc23fd9000 	C:\Windows\System32\fwpuclnt.dll
0x00007ffc15120000 - 0x00007ffc15147000 	C:\Program Files\Java\jdk-11\bin\sunec.dll
0x00007ffc1c8b0000 - 0x00007ffc1c8bd000 	C:\Program Files\Java\jdk-11\bin\sunmscapi.dll
0x00007ffc28650000 - 0x00007ffc28676000 	C:\Windows\SYSTEM32\ncrypt.dll
0x00007ffc28610000 - 0x00007ffc2864c000 	C:\Windows\SYSTEM32\NTASN1.dll
0x00007ffc1b1b0000 - 0x00007ffc1b1c6000 	C:\Windows\system32\napinsp.dll
0x00007ffc1b2c0000 - 0x00007ffc1b2da000 	C:\Windows\system32\pnrpnsp.dll
0x00007ffc1b2e0000 - 0x00007ffc1b2ee000 	C:\Windows\System32\winrnr.dll
0x00007ffc1d470000 - 0x00007ffc1d48b000 	C:\Windows\system32\NLAapi.dll
0x00007ffc1e8d0000 - 0x00007ffc1e8e5000 	C:\Windows\system32\wshbth.dll

dbghelp: loaded successfully - version: 4.0.5 - missing functions: none
symbol engine: initialized successfully - sym options: 0x614 - pdb path: .;C:\Program Files\Java\jdk-11\bin;C:\Windows\SYSTEM32;C:\Windows\WinSxS\amd64_microsoft.windows.common-controls_6595b64144ccf1df_6.0.17763.1039_none_de701650534c7021;C:\Program Files\McAfee\Endpoint Security\Threat Prevention\Ips;C:\Program Files\Java\jdk-11\bin\server

VM Arguments:
jvm_args: -agentlib:jdwp=transport=dt_socket,address=127.0.0.1:58601,suspend=y,server=n -ea -Didea.test.cyclic.buffer.size=1048576 -javaagent:C:\Users\liennth7\.IdeaIC2019.3\system\captureAgent\debugger-agent.jar -Dfile.encoding=UTF-8 
java_command: com.intellij.rt.testng.RemoteTestNGStarter -usedefaultlisteners false -socket58600 @w@C:\Users\liennth7\AppData\Local\Temp\idea_working_dirs_testng.tmp -temp C:\Users\liennth7\AppData\Local\Temp\idea_testng.tmp
java_class_path (initial): C:\Program Files\JetBrains\IntelliJ IDEA Community Edition 2019.3\lib\idea_rt.jar;C:\Program Files\JetBrains\IntelliJ IDEA Community Edition 2019.3\plugins\testng\lib\testng-rt.jar;D:\Dev_Portal\target\test-classes;D:\Dev_Portal\target\classes;C:\Users\liennth7\.m2\repository\org\seleniumhq\selenium\selenium-java\3.141.59\selenium-java-3.141.59.jar;C:\Users\liennth7\.m2\repository\org\seleniumhq\selenium\selenium-api\3.141.59\selenium-api-3.141.59.jar;C:\Users\liennth7\.m2\repository\org\seleniumhq\selenium\selenium-chrome-driver\3.141.59\selenium-chrome-driver-3.141.59.jar;C:\Users\liennth7\.m2\repository\org\seleniumhq\selenium\selenium-edge-driver\3.141.59\selenium-edge-driver-3.141.59.jar;C:\Users\liennth7\.m2\repository\org\seleniumhq\selenium\selenium-firefox-driver\3.141.59\selenium-firefox-driver-3.141.59.jar;C:\Users\liennth7\.m2\repository\org\seleniumhq\selenium\selenium-ie-driver\3.141.59\selenium-ie-driver-3.141.59.jar;C:\Users\liennth7\.m2\repository\org\seleniumhq\selenium\selenium-opera-driver\3.141.59\selenium-opera-driver-3.141.59.jar;C:\Users\liennth7\.m2\repository\org\seleniumhq\selenium\selenium-remote-driver\3.141.59\selenium-remote-driver-3.141.59.jar;C:\Users\liennth7\.m2\repository\org\seleniumhq\selenium\selenium-safari-driver\3.141.59\selenium-safari-driver-3.141.59.jar;C:\Users\liennth7\.m2\repository\org\seleniumhq\selenium\selenium-support\3.141.59\selenium-support-3.141.59.jar;C:\Users\liennth7\.m2\repository\net\bytebuddy\byte-buddy\1.8.15\byte-buddy-1.8.15.jar;C:\Users\liennth7\.m2\repository\org\apache\commons\commons-exec\1.3\commons-exec-1.3.jar;C:\Users\liennth7\.m2\repository\com\google\guava\guava\25.0-jre\guava-25.0-jre.jar;C:\Users\liennth7\.m2\repository\com\google\code\findbugs\jsr305\1.3.9\jsr305-1.3.9.jar;C:\Users\liennth7\.m2\repository\org\checkerframework\checker-compat-qual\2.0.0\checker-compat-qual-2.0.0.jar;C:\Users\liennth7\.m2\repository\com\google\errorprone\error_prone_annotations\2
Launcher Type: SUN_STANDARD

[Global flags]
     intx CICompilerCount                          = 3                                         {product} {ergonomic}
     uint ConcGCThreads                            = 1                                         {product} {ergonomic}
     uint G1ConcRefinementThreads                  = 4                                         {product} {ergonomic}
   size_t G1HeapRegionSize                         = 1048576                                   {product} {ergonomic}
    uintx GCDrainStackTargetSize                   = 64                                        {product} {ergonomic}
   size_t InitialHeapSize                          = 134217728                                 {product} {ergonomic}
   size_t MarkStackSize                            = 4194304                                   {product} {ergonomic}
   size_t MaxHeapSize                              = 2120220672                                {product} {ergonomic}
   size_t MaxNewSize                               = 1271922688                                {product} {ergonomic}
   size_t MinHeapDeltaBytes                        = 1048576                                   {product} {ergonomic}
    uintx NonNMethodCodeHeapSize                   = 5830092                                {pd product} {ergonomic}
    uintx NonProfiledCodeHeapSize                  = 122914074                              {pd product} {ergonomic}
    uintx ProfiledCodeHeapSize                     = 122914074                              {pd product} {ergonomic}
    uintx ReservedCodeCacheSize                    = 251658240                              {pd product} {ergonomic}
     bool SegmentedCodeCache                       = true                                      {product} {ergonomic}
     bool UseCompressedClassPointers               = true                                 {lp64_product} {ergonomic}
     bool UseCompressedOops                        = true                                 {lp64_product} {ergonomic}
     bool UseG1GC                                  = true                                      {product} {ergonomic}
     bool UseLargePagesIndividualAllocation        = false                                  {pd product} {ergonomic}

Logging:
Log output configuration:
 #0: stdout all=warning uptime,level,tags
 #1: stderr all=off uptime,level,tags

Environment Variables:
JAVA_HOME=C:\Program Files\Amazon Corretto\jdk11.0.5_10
PATH=C:\Program Files\Amazon Corretto\jdk11.0.5_10\bin;C:\Program Files (x86)\Common Files\Oracle\Java\javapath;C:\Windows\system32;C:\Windows;C:\Windows\System32\Wbem;C:\Windows\System32\WindowsPowerShell\v1.0\;C:\Windows\System32\OpenSSH\;C:\Program Files\Git\cmd;C:\Program Files\Amazon Corretto\jdk11.0.5_10\bin;C:\Python3.8;C:\Python3.8\Scripts;D:\Softtowork\apache-maven-3.6.2\bin;D:\Softprogram\apache-maven-3.6.2\bin;C:\Program Files\nodejs\;C:\Program Files\TortoiseGit\bin;C:\Users\liennth7\AppData\Local\Microsoft\WindowsApps;C:\Program Files\JetBrains\IntelliJ IDEA Community Edition 2019.3\bin;;C:\Users\liennth7\AppData\Roaming\npm
USERNAME=LienNTH7
OS=Windows_NT
PROCESSOR_IDENTIFIER=Intel64 Family 6 Model 78 Stepping 3, GenuineIntel



---------------  S Y S T E M  ---------------

OS: Windows 10 , 64 bit Build 17763 (10.0.17763.475)

CPU:total 4 (initial active 4) (2 cores per cpu, 2 threads per core) family 6 model 78 stepping 3, cmov, cx8, fxsr, mmx, sse, sse2, sse3, ssse3, sse4.1, sse4.2, popcnt, avx, avx2, aes, clmul, erms, 3dnowpref, lzcnt, ht, tsc, tscinvbit, bmi1, bmi2, adx, fma

Memory: 4k page, system-wide physical 8084M (2530M free)
TotalPageFile size 13972M (AvailPageFile size 6216M)
current process WorkingSet (physical memory assigned to process): 120M, peak: 127M
current process commit charge ("private bytes"): 230M, peak: 240M

vm_info: Java HotSpot(TM) 64-Bit Server VM (11+28) for windows-amd64 JRE (11+28), built on Aug 23 2018 03:03:59 by "mach5one" with MS VC++ 15.5 (VS2017)

END.
